C:\Program Files (x86)\Microsoft Visual Studio\2019\Enterprise\MSBuild\Microsoft\VC\v160\Microsoft.CppBuild.targets(513,5): warning MSB8028: The intermediate directory (Debug\) contains files shared from another project (particles.vcxproj).  This can lead to incorrect clean and rebuild behavior.
  Engine.cpp
C:\Users\w2073462.LRCCD\source\repos\particles\Particle.h(8,26): warning C4305: 'initializing': truncation from 'double' to 'float'
C:\Users\w2073462.LRCCD\source\repos\particles\Engine.cpp(57,21): warning C4018: '<': signed/unsigned mismatch
  main.cpp
C:\Users\w2073462.LRCCD\source\repos\particles\Particle.h(8,26): warning C4305: 'initializing': truncation from 'double' to 'float'
  Matrices.cpp
C:\Users\w2073462.LRCCD\source\repos\particles\Particle.h(8,26): warning C4305: 'initializing': truncation from 'double' to 'float'
  Particle.cpp
C:\Users\w2073462.LRCCD\source\repos\particles\Particle.h(8,26): warning C4305: 'initializing': truncation from 'double' to 'float'
C:\Users\w2073462.LRCCD\source\repos\particles\Particle.cpp(160,50): warning C4244: '=': conversion from 'double' to 'float', possible loss of data
C:\Users\w2073462.LRCCD\source\repos\particles\Particle.cpp(163,57): warning C4244: 'argument': conversion from 'double' to 'float', possible loss of data
C:\Users\w2073462.LRCCD\source\repos\particles\Particle.cpp(163,46): warning C4244: 'argument': conversion from 'T' to 'float', possible loss of data
          with
          [
              T=unsigned int
          ]
C:\Users\w2073462.LRCCD\source\repos\particles\Particle.cpp(166,25): warning C4244: '=': conversion from 'int' to 'float', possible loss of data
C:\Users\w2073462.LRCCD\source\repos\particles\Particle.cpp(167,25): warning C4244: '=': conversion from 'int' to 'float', possible loss of data
C:\Users\w2073462.LRCCD\source\repos\particles\Particle.cpp(243,35): warning C4244: '+=': conversion from 'double' to 'T', possible loss of data
          with
          [
              T=float
          ]
C:\Users\w2073462.LRCCD\source\repos\particles\Particle.cpp(244,35): warning C4244: '+=': conversion from 'double' to 'T', possible loss of data
          with
          [
              T=float
          ]
  Generating Code...
Engine.obj : error LNK2019: unresolved external symbol "__declspec(dllimport) public: float __thiscall sf::Time::asSeconds(void)const " (__imp_?asSeconds@Time@sf@@QBEMXZ) referenced in function "public: void __thiscall Engine::run(void)" (?run@Engine@@QAEXXZ)
Engine.obj : error LNK2019: unresolved external symbol "__declspec(dllimport) public: __thiscall sf::Clock::Clock(void)" (__imp_??0Clock@sf@@QAE@XZ) referenced in function "public: void __thiscall Engine::run(void)" (?run@Engine@@QAEXXZ)
Engine.obj : error LNK2019: unresolved external symbol "__declspec(dllimport) public: class sf::Time __thiscall sf::Clock::restart(void)" (__imp_?restart@Clock@sf@@QAE?AVTime@2@XZ) referenced in function "public: void __thiscall Engine::run(void)" (?run@Engine@@QAEXXZ)
Engine.obj : error LNK2019: unresolved external symbol "__declspec(dllimport) public: __thiscall sf::String::String(char const *,class std::locale const &)" (__imp_??0String@sf@@QAE@PBDABVlocale@std@@@Z) referenced in function "public: __thiscall Engine::Engine(void)" (??0Engine@@QAE@XZ)
Engine.obj : error LNK2019: unresolved external symbol "__declspec(dllimport) public: __thiscall sf::String::~String(void)" (__imp_??1String@sf@@QAE@XZ) referenced in function "public: __thiscall Engine::Engine(void)" (??0Engine@@QAE@XZ)
Engine.obj : error LNK2019: unresolved external symbol "__declspec(dllimport) public: static bool __cdecl sf::Keyboard::isKeyPressed(enum sf::Keyboard::Key)" (__imp_?isKeyPressed@Keyboard@sf@@SA_NW4Key@12@@Z) referenced in function "private: void __thiscall Engine::input(void)" (?input@Engine@@AAEXXZ)
Engine.obj : error LNK2019: unresolved external symbol "__declspec(dllimport) public: __thiscall sf::VideoMode::VideoMode(unsigned int,unsigned int,unsigned int)" (__imp_??0VideoMode@sf@@QAE@III@Z) referenced in function "public: __thiscall Engine::Engine(void)" (??0Engine@@QAE@XZ)
Engine.obj : error LNK2019: unresolved external symbol "__declspec(dllimport) public: bool __thiscall sf::WindowBase::isOpen(void)const " (__imp_?isOpen@WindowBase@sf@@QBE_NXZ) referenced in function "public: void __thiscall Engine::run(void)" (?run@Engine@@QAEXXZ)
Engine.obj : error LNK2019: unresolved external symbol "__declspec(dllimport) public: bool __thiscall sf::WindowBase::pollEvent(class sf::Event &)" (__imp_?pollEvent@WindowBase@sf@@QAE_NAAVEvent@2@@Z) referenced in function "private: void __thiscall Engine::input(void)" (?input@Engine@@AAEXXZ)
Engine.obj : error LNK2019: unresolved external symbol "__declspec(dllimport) public: virtual __thiscall sf::Drawable::~Drawable(void)" (__imp_??1Drawable@sf@@UAE@XZ) referenced in function "public: virtual __thiscall Particle::~Particle(void)" (??1Particle@@UAE@XZ)
Particle.obj : error LNK2001: unresolved external symbol "__declspec(dllimport) public: virtual __thiscall sf::Drawable::~Drawable(void)" (__imp_??1Drawable@sf@@UAE@XZ)
Engine.obj : error LNK2019: unresolved external symbol "__declspec(dllimport) public: __thiscall sf::Color::Color(unsigned char,unsigned char,unsigned char,unsigned char)" (__imp_??0Color@sf@@QAE@EEEE@Z) referenced in function "private: void __thiscall Engine::draw(void)" (?draw@Engine@@AAEXXZ)
Engine.obj : error LNK2019: unresolved external symbol "__declspec(dllimport) public: void __thiscall sf::RenderTarget::clear(class sf::Color const &)" (__imp_?clear@RenderTarget@sf@@QAEXABVColor@2@@Z) referenced in function "private: void __thiscall Engine::draw(void)" (?draw@Engine@@AAEXXZ)
Engine.obj : error LNK2019: unresolved external symbol "__declspec(dllimport) public: void __thiscall sf::RenderTarget::draw(class sf::Drawable const &,class sf::RenderStates const &)" (__imp_?draw@RenderTarget@sf@@QAEXABVDrawable@2@ABVRenderStates@2@@Z) referenced in function "private: void __thiscall Engine::draw(void)" (?draw@Engine@@AAEXXZ)
Particle.obj : error LNK2001: unresolved external symbol "__declspec(dllimport) public: void __thiscall sf::RenderTarget::draw(class sf::Drawable const &,class sf::RenderStates const &)" (__imp_?draw@RenderTarget@sf@@QAEXABVDrawable@2@ABVRenderStates@2@@Z)
Engine.obj : error LNK2019: unresolved external symbol "__declspec(dllimport) public: __thiscall sf::RenderWindow::RenderWindow(void)" (__imp_??0RenderWindow@sf@@QAE@XZ) referenced in function "public: __thiscall Engine::Engine(void)" (??0Engine@@QAE@XZ)
Engine.obj : error LNK2019: unresolved external symbol "__declspec(dllimport) public: virtual __thiscall sf::RenderWindow::~RenderWindow(void)" (__imp_??1RenderWindow@sf@@UAE@XZ) referenced in function __unwindfunclet$??0Engine@@QAE@XZ$0
main.obj : error LNK2001: unresolved external symbol "__declspec(dllimport) public: virtual __thiscall sf::RenderWindow::~RenderWindow(void)" (__imp_??1RenderWindow@sf@@UAE@XZ)
Engine.obj : error LNK2019: unresolved external symbol "__declspec(dllimport) public: static class sf::RenderStates const sf::RenderStates::Default" (__imp_?Default@RenderStates@sf@@2V12@B) referenced in function "private: void __thiscall Engine::draw(void)" (?draw@Engine@@AAEXXZ)
Particle.obj : error LNK2001: unresolved external symbol "__declspec(dllimport) public: static class sf::RenderStates const sf::RenderStates::Default" (__imp_?Default@RenderStates@sf@@2V12@B)
Particle.obj : error LNK2019: unresolved external symbol "__declspec(dllimport) public: __thiscall sf::Drawable::Drawable(void)" (__imp_??0Drawable@sf@@QAE@XZ) referenced in function "public: __thiscall Particle::Particle(class sf::RenderTarget &,int,class sf::Vector2<int>)" (??0Particle@@QAE@AAVRenderTarget@sf@@HV?$Vector2@H@2@@Z)
Particle.obj : error LNK2019: unresolved external symbol "__declspec(dllimport) public: __thiscall sf::Color::Color(void)" (__imp_??0Color@sf@@QAE@XZ) referenced in function "public: __thiscall Particle::Particle(class sf::RenderTarget &,int,class sf::Vector2<int>)" (??0Particle@@QAE@AAVRenderTarget@sf@@HV?$Vector2@H@2@@Z)
Particle.obj : error LNK2019: unresolved external symbol "__declspec(dllimport) public: __thiscall sf::VertexArray::VertexArray(enum sf::PrimitiveType,unsigned int)" (__imp_??0VertexArray@sf@@QAE@W4PrimitiveType@1@I@Z) referenced in function "public: virtual void __thiscall Particle::draw(class sf::RenderTarget &,class sf::RenderStates)const " (?draw@Particle@@UBEXAAVRenderTarget@sf@@VRenderStates@3@@Z)
Particle.obj : error LNK2019: unresolved external symbol "__declspec(dllimport) public: class sf::Vertex & __thiscall sf::VertexArray::operator[](unsigned int)" (__imp_??AVertexArray@sf@@QAEAAVVertex@1@I@Z) referenced in function "public: virtual void __thiscall Particle::draw(class sf::RenderTarget &,class sf::RenderStates)const " (?draw@Particle@@UBEXAAVRenderTarget@sf@@VRenderStates@3@@Z)
Particle.obj : error LNK2019: unresolved external symbol "__declspec(dllimport) public: virtual __thiscall sf::VertexArray::~VertexArray(void)" (__imp_??1VertexArray@sf@@UAE@XZ) referenced in function "public: virtual void __thiscall Particle::draw(class sf::RenderTarget &,class sf::RenderStates)const " (?draw@Particle@@UBEXAAVRenderTarget@sf@@VRenderStates@3@@Z)
Particle.obj : error LNK2019: unresolved external symbol "__declspec(dllimport) public: __thiscall sf::View::View(void)" (__imp_??0View@sf@@QAE@XZ) referenced in function "public: __thiscall Particle::Particle(class sf::RenderTarget &,int,class sf::Vector2<int>)" (??0Particle@@QAE@AAVRenderTarget@sf@@HV?$Vector2@H@2@@Z)
Particle.obj : error LNK2019: unresolved external symbol "__declspec(dllimport) public: void __thiscall sf::View::setCenter(float,float)" (__imp_?setCenter@View@sf@@QAEXMM@Z) referenced in function "public: __thiscall Particle::Particle(class sf::RenderTarget &,int,class sf::Vector2<int>)" (??0Particle@@QAE@AAVRenderTarget@sf@@HV?$Vector2@H@2@@Z)
Particle.obj : error LNK2019: unresolved external symbol "__declspec(dllimport) public: void __thiscall sf::View::setSize(float,float)" (__imp_?setSize@View@sf@@QAEXMM@Z) referenced in function "public: __thiscall Particle::Particle(class sf::RenderTarget &,int,class sf::Vector2<int>)" (??0Particle@@QAE@AAVRenderTarget@sf@@HV?$Vector2@H@2@@Z)
Particle.obj : error LNK2019: unresolved external symbol "__declspec(dllimport) public: class sf::Vector2<float> __thiscall sf::RenderTarget::mapPixelToCoords(class sf::Vector2<int> const &,class sf::View const &)const " (__imp_?mapPixelToCoords@RenderTarget@sf@@QBE?AV?$Vector2@M@2@ABV?$Vector2@H@2@ABVView@2@@Z) referenced in function "public: __thiscall Particle::Particle(class sf::RenderTarget &,int,class sf::Vector2<int>)" (??0Particle@@QAE@AAVRenderTarget@sf@@HV?$Vector2@H@2@@Z)
Particle.obj : error LNK2019: unresolved external symbol "__declspec(dllimport) public: class sf::Vector2<int> __thiscall sf::RenderTarget::mapCoordsToPixel(class sf::Vector2<float> const &,class sf::View const &)const " (__imp_?mapCoordsToPixel@RenderTarget@sf@@QBE?AV?$Vector2@H@2@ABV?$Vector2@M@2@ABVView@2@@Z) referenced in function "public: virtual void __thiscall Particle::draw(class sf::RenderTarget &,class sf::RenderStates)const " (?draw@Particle@@UBEXAAVRenderTarget@sf@@VRenderStates@3@@Z)
Particle.obj : error LNK2019: unresolved external symbol "__declspec(dllimport) public: static class sf::Color const sf::Color::White" (__imp_?White@Color@sf@@2V12@B) referenced in function "public: __thiscall Particle::Particle(class sf::RenderTarget &,int,class sf::Vector2<int>)" (??0Particle@@QAE@AAVRenderTarget@sf@@HV?$Vector2@H@2@@Z)
Particle.obj : error LNK2019: unresolved external symbol "__declspec(dllimport) public: static class sf::Color const sf::Color::Red" (__imp_?Red@Color@sf@@2V12@B) referenced in function "public: __thiscall Particle::Particle(class sf::RenderTarget &,int,class sf::Vector2<int>)" (??0Particle@@QAE@AAVRenderTarget@sf@@HV?$Vector2@H@2@@Z)
C:\SFML\lib\sfml-graphics-d.lib : warning LNK4272: library machine type 'x64' conflicts with target machine type 'x86'
C:\SFML\lib\sfml-window-d.lib : warning LNK4272: library machine type 'x64' conflicts with target machine type 'x86'
C:\SFML\lib\sfml-system-d.lib : warning LNK4272: library machine type 'x64' conflicts with target machine type 'x86'
C:\SFML\lib\sfml-network-d.lib : warning LNK4272: library machine type 'x64' conflicts with target machine type 'x86'
C:\SFML\lib\sfml-audio-d.lib : warning LNK4272: library machine type 'x64' conflicts with target machine type 'x86'
C:\Users\w2073462.LRCCD\source\repos\particles\Debug\particlesss.exe : fatal error LNK1120: 28 unresolved externals
